{"/home/dbelett/repos/regis-university/msse-661/project/public/js/portal.js": {"path":"/home/dbelett/repos/regis-university/msse-661/project/public/js/portal.js","statementMap":{"0":{"start":{"line":7,"column":18},"end":{"line":7,"column":47}},"1":{"start":{"line":8,"column":4},"end":{"line":25,"column":5}},"2":{"start":{"line":9,"column":25},"end":{"line":11,"column":10}},"3":{"start":{"line":12,"column":8},"end":{"line":14,"column":9}},"4":{"start":{"line":13,"column":12},"end":{"line":13,"column":61}},"5":{"start":{"line":15,"column":21},"end":{"line":15,"column":42}},"6":{"start":{"line":16,"column":38},"end":{"line":16,"column":84}},"7":{"start":{"line":17,"column":8},"end":{"line":21,"column":9}},"8":{"start":{"line":18,"column":12},"end":{"line":18,"column":67}},"9":{"start":{"line":20,"column":12},"end":{"line":20,"column":77}},"10":{"start":{"line":23,"column":8},"end":{"line":23,"column":60}},"11":{"start":{"line":24,"column":8},"end":{"line":24,"column":46}},"12":{"start":{"line":30,"column":18},"end":{"line":30,"column":47}},"13":{"start":{"line":31,"column":4},"end":{"line":60,"column":5}},"14":{"start":{"line":32,"column":25},"end":{"line":34,"column":10}},"15":{"start":{"line":35,"column":8},"end":{"line":37,"column":9}},"16":{"start":{"line":36,"column":12},"end":{"line":36,"column":63}},"17":{"start":{"line":38,"column":25},"end":{"line":38,"column":46}},"18":{"start":{"line":39,"column":34},"end":{"line":39,"column":78}},"19":{"start":{"line":41,"column":8},"end":{"line":41,"column":41}},"20":{"start":{"line":43,"column":8},"end":{"line":56,"column":9}},"21":{"start":{"line":44,"column":23},"end":{"line":44,"column":51}},"22":{"start":{"line":45,"column":12},"end":{"line":45,"column":45}},"23":{"start":{"line":46,"column":12},"end":{"line":46,"column":50}},"24":{"start":{"line":47,"column":12},"end":{"line":47,"column":46}},"25":{"start":{"line":50,"column":12},"end":{"line":55,"column":15}},"26":{"start":{"line":51,"column":27},"end":{"line":51,"column":55}},"27":{"start":{"line":52,"column":16},"end":{"line":52,"column":99}},"28":{"start":{"line":53,"column":16},"end":{"line":53,"column":172}},"29":{"start":{"line":54,"column":16},"end":{"line":54,"column":50}},"30":{"start":{"line":58,"column":8},"end":{"line":58,"column":63}},"31":{"start":{"line":65,"column":16},"end":{"line":65,"column":20}},"32":{"start":{"line":68,"column":25},"end":{"line":68,"column":66}},"33":{"start":{"line":69,"column":29},"end":{"line":69,"column":74}},"34":{"start":{"line":70,"column":25},"end":{"line":70,"column":63}},"35":{"start":{"line":73,"column":4},"end":{"line":80,"column":5}},"36":{"start":{"line":74,"column":8},"end":{"line":74,"column":49}},"37":{"start":{"line":75,"column":8},"end":{"line":75,"column":50}},"38":{"start":{"line":76,"column":8},"end":{"line":76,"column":22}},"39":{"start":{"line":78,"column":8},"end":{"line":78,"column":52}},"40":{"start":{"line":79,"column":8},"end":{"line":79,"column":47}},"41":{"start":{"line":83,"column":4},"end":{"line":90,"column":5}},"42":{"start":{"line":84,"column":8},"end":{"line":84,"column":53}},"43":{"start":{"line":85,"column":8},"end":{"line":85,"column":54}},"44":{"start":{"line":86,"column":8},"end":{"line":86,"column":22}},"45":{"start":{"line":88,"column":8},"end":{"line":88,"column":56}},"46":{"start":{"line":89,"column":8},"end":{"line":89,"column":51}},"47":{"start":{"line":93,"column":4},"end":{"line":109,"column":5}},"48":{"start":{"line":94,"column":8},"end":{"line":94,"column":49}},"49":{"start":{"line":95,"column":8},"end":{"line":95,"column":50}},"50":{"start":{"line":96,"column":8},"end":{"line":96,"column":22}},"51":{"start":{"line":98,"column":29},"end":{"line":98,"column":57}},"52":{"start":{"line":99,"column":22},"end":{"line":99,"column":32}},"53":{"start":{"line":100,"column":8},"end":{"line":100,"column":35}},"54":{"start":{"line":101,"column":8},"end":{"line":108,"column":9}},"55":{"start":{"line":102,"column":12},"end":{"line":102,"column":53}},"56":{"start":{"line":103,"column":12},"end":{"line":103,"column":54}},"57":{"start":{"line":104,"column":12},"end":{"line":104,"column":26}},"58":{"start":{"line":106,"column":12},"end":{"line":106,"column":56}},"59":{"start":{"line":107,"column":12},"end":{"line":107,"column":51}},"60":{"start":{"line":111,"column":4},"end":{"line":111,"column":17}},"61":{"start":{"line":115,"column":0},"end":{"line":173,"column":3}},"62":{"start":{"line":117,"column":4},"end":{"line":117,"column":22}},"63":{"start":{"line":118,"column":4},"end":{"line":118,"column":24}},"64":{"start":{"line":121,"column":31},"end":{"line":121,"column":76}},"65":{"start":{"line":122,"column":4},"end":{"line":172,"column":5}},"66":{"start":{"line":123,"column":8},"end":{"line":171,"column":11}},"67":{"start":{"line":124,"column":12},"end":{"line":124,"column":31}},"68":{"start":{"line":125,"column":12},"end":{"line":125,"column":32}},"69":{"start":{"line":128,"column":12},"end":{"line":131,"column":13}},"70":{"start":{"line":129,"column":16},"end":{"line":129,"column":68}},"71":{"start":{"line":130,"column":16},"end":{"line":130,"column":23}},"72":{"start":{"line":134,"column":25},"end":{"line":138,"column":13}},"73":{"start":{"line":140,"column":26},"end":{"line":140,"column":55}},"74":{"start":{"line":142,"column":12},"end":{"line":170,"column":13}},"75":{"start":{"line":143,"column":33},"end":{"line":150,"column":18}},"76":{"start":{"line":152,"column":31},"end":{"line":152,"column":52}},"77":{"start":{"line":153,"column":16},"end":{"line":166,"column":17}},"78":{"start":{"line":154,"column":20},"end":{"line":154,"column":42}},"79":{"start":{"line":156,"column":20},"end":{"line":156,"column":47}},"80":{"start":{"line":157,"column":35},"end":{"line":157,"column":87}},"81":{"start":{"line":158,"column":20},"end":{"line":161,"column":23}},"82":{"start":{"line":159,"column":24},"end":{"line":159,"column":59}},"83":{"start":{"line":160,"column":24},"end":{"line":160,"column":61}},"84":{"start":{"line":163,"column":20},"end":{"line":163,"column":40}},"85":{"start":{"line":165,"column":20},"end":{"line":165,"column":42}},"86":{"start":{"line":168,"column":16},"end":{"line":168,"column":66}},"87":{"start":{"line":169,"column":16},"end":{"line":169,"column":71}}},"fnMap":{"0":{"name":"loadUserProfile","decl":{"start":{"line":6,"column":15},"end":{"line":6,"column":30}},"loc":{"start":{"line":6,"column":33},"end":{"line":26,"column":1}},"line":6},"1":{"name":"loadPriorRequests","decl":{"start":{"line":29,"column":15},"end":{"line":29,"column":32}},"loc":{"start":{"line":29,"column":35},"end":{"line":61,"column":1}},"line":29},"2":{"name":"(anonymous_2)","decl":{"start":{"line":50,"column":29},"end":{"line":50,"column":30}},"loc":{"start":{"line":50,"column":40},"end":{"line":55,"column":13}},"line":50},"3":{"name":"validateServiceRequestForm","decl":{"start":{"line":64,"column":9},"end":{"line":64,"column":35}},"loc":{"start":{"line":64,"column":38},"end":{"line":112,"column":1}},"line":64},"4":{"name":"(anonymous_4)","decl":{"start":{"line":115,"column":46},"end":{"line":115,"column":47}},"loc":{"start":{"line":115,"column":52},"end":{"line":173,"column":1}},"line":115},"5":{"name":"(anonymous_5)","decl":{"start":{"line":123,"column":54},"end":{"line":123,"column":55}},"loc":{"start":{"line":123,"column":67},"end":{"line":171,"column":9}},"line":123},"6":{"name":"(anonymous_6)","decl":{"start":{"line":158,"column":35},"end":{"line":158,"column":36}},"loc":{"start":{"line":158,"column":44},"end":{"line":161,"column":21}},"line":158}},"branchMap":{"0":{"loc":{"start":{"line":12,"column":8},"end":{"line":14,"column":9}},"type":"if","locations":[{"start":{"line":12,"column":8},"end":{"line":14,"column":9}},{"start":{},"end":{}}],"line":12},"1":{"loc":{"start":{"line":17,"column":8},"end":{"line":21,"column":9}},"type":"if","locations":[{"start":{"line":17,"column":8},"end":{"line":21,"column":9}},{"start":{"line":19,"column":15},"end":{"line":21,"column":9}}],"line":17},"2":{"loc":{"start":{"line":35,"column":8},"end":{"line":37,"column":9}},"type":"if","locations":[{"start":{"line":35,"column":8},"end":{"line":37,"column":9}},{"start":{},"end":{}}],"line":35},"3":{"loc":{"start":{"line":43,"column":8},"end":{"line":56,"column":9}},"type":"if","locations":[{"start":{"line":43,"column":8},"end":{"line":56,"column":9}},{"start":{"line":48,"column":15},"end":{"line":56,"column":9}}],"line":43},"4":{"loc":{"start":{"line":73,"column":4},"end":{"line":80,"column":5}},"type":"if","locations":[{"start":{"line":73,"column":4},"end":{"line":80,"column":5}},{"start":{"line":77,"column":11},"end":{"line":80,"column":5}}],"line":73},"5":{"loc":{"start":{"line":83,"column":4},"end":{"line":90,"column":5}},"type":"if","locations":[{"start":{"line":83,"column":4},"end":{"line":90,"column":5}},{"start":{"line":87,"column":11},"end":{"line":90,"column":5}}],"line":83},"6":{"loc":{"start":{"line":93,"column":4},"end":{"line":109,"column":5}},"type":"if","locations":[{"start":{"line":93,"column":4},"end":{"line":109,"column":5}},{"start":{"line":97,"column":11},"end":{"line":109,"column":5}}],"line":93},"7":{"loc":{"start":{"line":101,"column":8},"end":{"line":108,"column":9}},"type":"if","locations":[{"start":{"line":101,"column":8},"end":{"line":108,"column":9}},{"start":{"line":105,"column":15},"end":{"line":108,"column":9}}],"line":101},"8":{"loc":{"start":{"line":122,"column":4},"end":{"line":172,"column":5}},"type":"if","locations":[{"start":{"line":122,"column":4},"end":{"line":172,"column":5}},{"start":{},"end":{}}],"line":122},"9":{"loc":{"start":{"line":128,"column":12},"end":{"line":131,"column":13}},"type":"if","locations":[{"start":{"line":128,"column":12},"end":{"line":131,"column":13}},{"start":{},"end":{}}],"line":128},"10":{"loc":{"start":{"line":153,"column":16},"end":{"line":166,"column":17}},"type":"if","locations":[{"start":{"line":153,"column":16},"end":{"line":166,"column":17}},{"start":{"line":164,"column":23},"end":{"line":166,"column":17}}],"line":153}},"s":{"0":0,"1":0,"2":0,"3":0,"4":0,"5":0,"6":0,"7":0,"8":0,"9":0,"10":0,"11":0,"12":0,"13":0,"14":0,"15":0,"16":0,"17":0,"18":0,"19":0,"20":0,"21":0,"22":0,"23":0,"24":0,"25":0,"26":0,"27":0,"28":0,"29":0,"30":0,"31":0,"32":0,"33":0,"34":0,"35":0,"36":0,"37":0,"38":0,"39":0,"40":0,"41":0,"42":0,"43":0,"44":0,"45":0,"46":0,"47":0,"48":0,"49":0,"50":0,"51":0,"52":0,"53":0,"54":0,"55":0,"56":0,"57":0,"58":0,"59":0,"60":0,"61":1,"62":0,"63":0,"64":0,"65":0,"66":0,"67":0,"68":0,"69":0,"70":0,"71":0,"72":0,"73":0,"74":0,"75":0,"76":0,"77":0,"78":0,"79":0,"80":0,"81":0,"82":0,"83":0,"84":0,"85":0,"86":0,"87":0},"f":{"0":0,"1":0,"2":0,"3":0,"4":0,"5":0,"6":0},"b":{"0":[0,0],"1":[0,0],"2":[0,0],"3":[0,0],"4":[0,0],"5":[0,0],"6":[0,0],"7":[0,0],"8":[0,0],"9":[0,0],"10":[0,0]},"_coverageSchema":"1a1c01bbd47fc00a2c39e90264f33305004495a9","hash":"026219ef0ac91446e651e17ec6bc48d599c51fac"}
}
