{"/home/dbelett/repos/regis-university/msse-661/project/public/js/auth.js": {"path":"/home/dbelett/repos/regis-university/msse-661/project/public/js/auth.js","statementMap":{"0":{"start":{"line":2,"column":0},"end":{"line":8,"column":3}},"1":{"start":{"line":3,"column":18},"end":{"line":3,"column":47}},"2":{"start":{"line":4,"column":4},"end":{"line":7,"column":5}},"3":{"start":{"line":5,"column":8},"end":{"line":5,"column":60}},"4":{"start":{"line":6,"column":8},"end":{"line":6,"column":55}}},"fnMap":{"0":{"name":"(anonymous_0)","decl":{"start":{"line":2,"column":46},"end":{"line":2,"column":47}},"loc":{"start":{"line":2,"column":52},"end":{"line":8,"column":1}},"line":2}},"branchMap":{"0":{"loc":{"start":{"line":4,"column":4},"end":{"line":7,"column":5}},"type":"if","locations":[{"start":{"line":4,"column":4},"end":{"line":7,"column":5}},{"start":{},"end":{}}],"line":4}},"s":{"0":2,"1":3,"2":3,"3":1,"4":1},"f":{"0":3},"b":{"0":[1,2]},"_coverageSchema":"1a1c01bbd47fc00a2c39e90264f33305004495a9","hash":"084aa90e147dfde5d2d78288645d04648fdbcfcf"}
}
